<?xml version="1.0" encoding="UTF-8"?>
<testsuite name="springboot.web.PostApiControllerTest" tests="2" skipped="0" failures="0" errors="0" timestamp="2022-05-30T09:21:07" hostname="DESKTOP-T5H3BQG" time="0.084">
  <properties/>
  <testcase name="Posts_등록된다" classname="springboot.web.PostApiControllerTest" time="0.054"/>
  <testcase name="Posts_수정된다" classname="springboot.web.PostApiControllerTest" time="0.03"/>
  <system-out><![CDATA[2022-05-30 18:21:07.575  INFO 14680 --- [    Test worker] .b.t.c.SpringBootTestContextBootstrapper : Neither @ContextConfiguration nor @ContextHierarchy found for test class [springboot.web.PostApiControllerTest], using SpringBootContextLoader
2022-05-30 18:21:07.575  INFO 14680 --- [    Test worker] o.s.t.c.support.AbstractContextLoader    : Could not detect default resource locations for test class [springboot.web.PostApiControllerTest]: no resource found for suffixes {-context.xml, Context.groovy}.
2022-05-30 18:21:07.575  INFO 14680 --- [    Test worker] t.c.s.AnnotationConfigContextLoaderUtils : Could not detect default configuration classes for test class [springboot.web.PostApiControllerTest]: PostApiControllerTest does not declare any static, non-private, non-final, nested classes annotated with @Configuration.
2022-05-30 18:21:07.575  INFO 14680 --- [    Test worker] .b.t.c.SpringBootTestContextBootstrapper : Found @SpringBootConfiguration springboot.Application for test class springboot.web.PostApiControllerTest
2022-05-30 18:21:07.591  INFO 14680 --- [    Test worker] .b.t.c.SpringBootTestContextBootstrapper : Loaded default TestExecutionListener class names from location [META-INF/spring.factories]: [org.springframework.security.test.context.support.WithSecurityContextTestExecutionListener, org.springframework.security.test.context.support.ReactorContextTestExecutionListener, org.springframework.boot.test.autoconfigure.restdocs.RestDocsTestExecutionListener, org.springframework.boot.test.autoconfigure.web.client.MockRestServiceServerResetTestExecutionListener, org.springframework.boot.test.autoconfigure.web.servlet.MockMvcPrintOnlyOnFailureTestExecutionListener, org.springframework.boot.test.autoconfigure.web.servlet.WebDriverTestExecutionListener, org.springframework.boot.test.mock.mockito.MockitoTestExecutionListener, org.springframework.boot.test.mock.mockito.ResetMocksTestExecutionListener, org.springframework.test.context.web.ServletTestExecutionListener, org.springframework.test.context.support.DirtiesContextBeforeModesTestExecutionListener, org.springframework.test.context.support.DependencyInjectionTestExecutionListener, org.springframework.test.context.support.DirtiesContextTestExecutionListener, org.springframework.test.context.transaction.TransactionalTestExecutionListener, org.springframework.test.context.jdbc.SqlScriptsTestExecutionListener]
2022-05-30 18:21:07.591  INFO 14680 --- [    Test worker] .b.t.c.SpringBootTestContextBootstrapper : Using TestExecutionListeners: [org.springframework.test.context.web.ServletTestExecutionListener@abbdb8d, org.springframework.test.context.support.DirtiesContextBeforeModesTestExecutionListener@79a4f2a5, org.springframework.boot.test.mock.mockito.MockitoTestExecutionListener@8f1e186, org.springframework.boot.test.autoconfigure.SpringBootDependencyInjectionTestExecutionListener@a7a94c0, org.springframework.test.context.support.DirtiesContextTestExecutionListener@5e4951b1, org.springframework.test.context.transaction.TransactionalTestExecutionListener@26a107, org.springframework.test.context.jdbc.SqlScriptsTestExecutionListener@7dc9d54, org.springframework.security.test.context.support.WithSecurityContextTestExecutionListener@595ec5fb, org.springframework.security.test.context.support.ReactorContextTestExecutionListener@4d0ec3b8, org.springframework.boot.test.autoconfigure.restdocs.RestDocsTestExecutionListener@78957d87, org.springframework.boot.test.autoconfigure.web.client.MockRestServiceServerResetTestExecutionListener@1bc069fc, org.springframework.boot.test.autoconfigure.web.servlet.MockMvcPrintOnlyOnFailureTestExecutionListener@349e1662, org.springframework.boot.test.autoconfigure.web.servlet.WebDriverTestExecutionListener@fb6104a, org.springframework.boot.test.mock.mockito.ResetMocksTestExecutionListener@5c9c3d7e]
2022-05-30 18:21:07.591  INFO 14680 --- [    Test worker] o.a.c.c.C.[Tomcat].[localhost].[/]       : Initializing Spring TestDispatcherServlet ''
2022-05-30 18:21:07.591  INFO 14680 --- [    Test worker] o.s.t.web.servlet.TestDispatcherServlet  : Initializing Servlet ''
2022-05-30 18:21:07.591  INFO 14680 --- [    Test worker] o.s.t.web.servlet.TestDispatcherServlet  : Completed initialization in 0 ms
Hibernate: insert into posts (created_date, modified_date, author, content, title) values (?, ?, ?, ?, ?)
Hibernate: select posts0_.id as id1_0_, posts0_.created_date as created_2_0_, posts0_.modified_date as modified3_0_, posts0_.author as author4_0_, posts0_.content as content5_0_, posts0_.title as title6_0_ from posts posts0_
Hibernate: select posts0_.id as id1_0_, posts0_.created_date as created_2_0_, posts0_.modified_date as modified3_0_, posts0_.author as author4_0_, posts0_.content as content5_0_, posts0_.title as title6_0_ from posts posts0_
Hibernate: delete from posts where id=?
2022-05-30 18:21:07.638  INFO 14680 --- [    Test worker] o.a.c.c.C.[Tomcat].[localhost].[/]       : Initializing Spring TestDispatcherServlet ''
2022-05-30 18:21:07.638  INFO 14680 --- [    Test worker] o.s.t.web.servlet.TestDispatcherServlet  : Initializing Servlet ''
2022-05-30 18:21:07.653  INFO 14680 --- [    Test worker] o.s.t.web.servlet.TestDispatcherServlet  : Completed initialization in 15 ms
Hibernate: insert into posts (created_date, modified_date, author, content, title) values (?, ?, ?, ?, ?)
Hibernate: select posts0_.id as id1_0_0_, posts0_.created_date as created_2_0_0_, posts0_.modified_date as modified3_0_0_, posts0_.author as author4_0_0_, posts0_.content as content5_0_0_, posts0_.title as title6_0_0_ from posts posts0_ where posts0_.id=?
Hibernate: update posts set created_date=?, modified_date=?, author=?, content=?, title=? where id=?
Hibernate: select posts0_.id as id1_0_, posts0_.created_date as created_2_0_, posts0_.modified_date as modified3_0_, posts0_.author as author4_0_, posts0_.content as content5_0_, posts0_.title as title6_0_ from posts posts0_
Hibernate: select posts0_.id as id1_0_, posts0_.created_date as created_2_0_, posts0_.modified_date as modified3_0_, posts0_.author as author4_0_, posts0_.content as content5_0_, posts0_.title as title6_0_ from posts posts0_
Hibernate: delete from posts where id=?
]]></system-out>
  <system-err><![CDATA[]]></system-err>
</testsuite>
